mode: atomic
github.com/MrDavudov/TestWB/pkg/service/api.go:19.53,28.16 3 4
github.com/MrDavudov/TestWB/pkg/service/api.go:31.2,34.16 3 4
github.com/MrDavudov/TestWB/pkg/service/api.go:37.2,37.26 1 4
github.com/MrDavudov/TestWB/pkg/service/api.go:41.2,43.16 3 3
github.com/MrDavudov/TestWB/pkg/service/api.go:47.2,52.8 1 2
github.com/MrDavudov/TestWB/pkg/service/api.go:28.16,30.3 1 0
github.com/MrDavudov/TestWB/pkg/service/api.go:34.16,36.3 1 0
github.com/MrDavudov/TestWB/pkg/service/api.go:37.26,39.3 1 1
github.com/MrDavudov/TestWB/pkg/service/api.go:43.16,45.3 1 1
github.com/MrDavudov/TestWB/pkg/service/api.go:55.59,64.14 2 3
github.com/MrDavudov/TestWB/pkg/service/api.go:68.2,68.19 1 3
github.com/MrDavudov/TestWB/pkg/service/api.go:104.2,104.10 1 2
github.com/MrDavudov/TestWB/pkg/service/api.go:64.14,66.3 1 0
github.com/MrDavudov/TestWB/pkg/service/api.go:68.19,69.37 1 2
github.com/MrDavudov/TestWB/pkg/service/api.go:72.3,76.17 4 1
github.com/MrDavudov/TestWB/pkg/service/api.go:80.3,81.17 2 1
github.com/MrDavudov/TestWB/pkg/service/api.go:85.3,87.17 3 1
github.com/MrDavudov/TestWB/pkg/service/api.go:91.3,91.27 1 1
github.com/MrDavudov/TestWB/pkg/service/api.go:69.37,71.4 1 1
github.com/MrDavudov/TestWB/pkg/service/api.go:76.17,78.4 1 0
github.com/MrDavudov/TestWB/pkg/service/api.go:81.17,83.4 1 0
github.com/MrDavudov/TestWB/pkg/service/api.go:87.17,89.4 1 0
github.com/MrDavudov/TestWB/pkg/service/api.go:91.27,92.51 1 40
github.com/MrDavudov/TestWB/pkg/service/api.go:92.51,100.5 3 5
github.com/MrDavudov/TestWB/pkg/service/api.go:107.65,116.30 2 3
github.com/MrDavudov/TestWB/pkg/service/api.go:120.2,124.16 4 1
github.com/MrDavudov/TestWB/pkg/service/api.go:128.2,129.16 2 1
github.com/MrDavudov/TestWB/pkg/service/api.go:133.2,135.16 3 1
github.com/MrDavudov/TestWB/pkg/service/api.go:139.2,139.26 1 1
github.com/MrDavudov/TestWB/pkg/service/api.go:150.2,150.15 1 1
github.com/MrDavudov/TestWB/pkg/service/api.go:116.30,118.3 1 2
github.com/MrDavudov/TestWB/pkg/service/api.go:124.16,126.3 1 0
github.com/MrDavudov/TestWB/pkg/service/api.go:129.16,131.3 1 0
github.com/MrDavudov/TestWB/pkg/service/api.go:135.16,137.3 1 0
github.com/MrDavudov/TestWB/pkg/service/api.go:139.26,140.50 1 40
github.com/MrDavudov/TestWB/pkg/service/api.go:140.50,147.4 3 5
github.com/MrDavudov/TestWB/pkg/service/city.go:19.92,24.2 1 0
github.com/MrDavudov/TestWB/pkg/service/city.go:27.66,30.16 2 0
github.com/MrDavudov/TestWB/pkg/service/city.go:34.2,35.16 2 0
github.com/MrDavudov/TestWB/pkg/service/city.go:39.2,39.31 1 0
github.com/MrDavudov/TestWB/pkg/service/city.go:30.16,32.3 1 0
github.com/MrDavudov/TestWB/pkg/service/city.go:35.16,37.3 1 0
github.com/MrDavudov/TestWB/pkg/service/city.go:43.51,44.44 1 0
github.com/MrDavudov/TestWB/pkg/service/city.go:48.2,48.29 1 0
github.com/MrDavudov/TestWB/pkg/service/city.go:44.44,46.3 1 0
github.com/MrDavudov/TestWB/pkg/service/city.go:52.65,54.16 2 0
github.com/MrDavudov/TestWB/pkg/service/city.go:58.2,58.44 1 0
github.com/MrDavudov/TestWB/pkg/service/city.go:61.2,63.17 2 0
github.com/MrDavudov/TestWB/pkg/service/city.go:54.16,56.3 1 0
github.com/MrDavudov/TestWB/pkg/service/city.go:58.44,60.3 1 0
github.com/MrDavudov/TestWB/pkg/service/city.go:67.69,69.16 2 0
github.com/MrDavudov/TestWB/pkg/service/city.go:73.2,74.16 2 0
github.com/MrDavudov/TestWB/pkg/service/city.go:78.2,80.28 3 0
github.com/MrDavudov/TestWB/pkg/service/city.go:83.2,93.17 6 0
github.com/MrDavudov/TestWB/pkg/service/city.go:69.16,71.3 1 0
github.com/MrDavudov/TestWB/pkg/service/city.go:74.16,76.3 1 0
github.com/MrDavudov/TestWB/pkg/service/city.go:80.28,82.3 1 0
github.com/MrDavudov/TestWB/pkg/service/city.go:96.43,99.16 3 0
github.com/MrDavudov/TestWB/pkg/service/city.go:103.2,105.30 2 0
github.com/MrDavudov/TestWB/pkg/service/city.go:99.16,101.3 1 0
github.com/MrDavudov/TestWB/pkg/service/service.go:20.48,24.2 1 0
